<?xml version="1.0" encoding="UTF-8"?>
<testsuite xmlns:xsi="http://www.w3.org/2001/XMLSchema-instance" xsi:noNamespaceSchemaLocation="https://maven.apache.org/surefire/maven-surefire-plugin/xsd/surefire-test-report-3.0.xsd" version="3.0" name="com.owenc.bank_api.BankApiApplicationTests" time="1.63" tests="5" errors="0" skipped="0" failures="0">
  <properties>
[...]
</properties>
  <testcase name="testCreateUser" classname="com.owenc.bank_api.BankApiApplicationTests" time="0.492">
    <system-out><![CDATA[23:54:52.558 [main] INFO org.springframework.test.context.support.AnnotationConfigContextLoaderUtils -- Could not detect default configuration classes for test class [com.owenc.bank_api.BankApiApplicationTests]: BankApiApplicationTests does not declare any static, non-private, non-final, nested classes annotated with @Configuration.
23:54:52.608 [main] INFO org.springframework.boot.test.context.SpringBootTestContextBootstrapper -- Found @SpringBootConfiguration com.owenc.bank_api.BankApiApplication for test class com.owenc.bank_api.BankApiApplicationTests

  .   ____          _            __ _ _
 /\\ / ___'_ __ _ _(_)_ __  __ _ \ \ \ \
( ( )\___ | '_ | '_| | '_ \/ _` | \ \ \ \
 \\/  ___)| |_)| | | | | || (_| |  ) ) ) )
  '  |____| .__|_| |_|_| |_\__, | / / / /
 =========|_|==============|___/=/_/_/_/

 :: Spring Boot ::                (v3.3.3)

2024-09-09T23:54:52.811-04:00  INFO 2802 --- [bank-api] [           main] c.o.bank_api.BankApiApplicationTests     : Starting BankApiApplicationTests using Java 22.0.2 with PID 2802 (started by owenchambers in /Users/owenchambers/Documents/Code/bridge/bank-api)
2024-09-09T23:54:52.812-04:00  INFO 2802 --- [bank-api] [           main] c.o.bank_api.BankApiApplicationTests     : No active profile set, falling back to 1 default profile: "default"
2024-09-09T23:54:53.276-04:00  INFO 2802 --- [bank-api] [           main] o.s.b.w.embedded.tomcat.TomcatWebServer  : Tomcat initialized with port 0 (http)
2024-09-09T23:54:53.284-04:00  INFO 2802 --- [bank-api] [           main] o.apache.catalina.core.StandardService   : Starting service [Tomcat]
2024-09-09T23:54:53.284-04:00  INFO 2802 --- [bank-api] [           main] o.apache.catalina.core.StandardEngine    : Starting Servlet engine: [Apache Tomcat/10.1.28]
2024-09-09T23:54:53.303-04:00  INFO 2802 --- [bank-api] [           main] o.a.c.c.C.[Tomcat].[localhost].[/]       : Initializing Spring embedded WebApplicationContext
2024-09-09T23:54:53.303-04:00  INFO 2802 --- [bank-api] [           main] w.s.c.ServletWebServerApplicationContext : Root WebApplicationContext: initialization completed in 484 ms
2024-09-09T23:54:53.489-04:00  INFO 2802 --- [bank-api] [           main] o.s.b.a.e.web.EndpointLinksResolver      : Exposing 1 endpoint beneath base path '/actuator'
2024-09-09T23:54:53.528-04:00  INFO 2802 --- [bank-api] [           main] o.s.b.w.embedded.tomcat.TomcatWebServer  : Tomcat started on port 52182 (http) with context path '/'
2024-09-09T23:54:53.539-04:00  INFO 2802 --- [bank-api] [           main] c.o.bank_api.BankApiApplicationTests     : Started BankApiApplicationTests in 0.87 seconds (process running for 1.297)
2024-09-09T23:54:54.026-04:00  INFO 2802 --- [bank-api] [o-auto-1-exec-1] o.a.c.c.C.[Tomcat].[localhost].[/]       : Initializing Spring DispatcherServlet 'dispatcherServlet'
2024-09-09T23:54:54.026-04:00  INFO 2802 --- [bank-api] [o-auto-1-exec-1] o.s.web.servlet.DispatcherServlet        : Initializing Servlet 'dispatcherServlet'
2024-09-09T23:54:54.027-04:00  INFO 2802 --- [bank-api] [o-auto-1-exec-1] o.s.web.servlet.DispatcherServlet        : Completed initialization in 1 ms
]]></system-out>
    <system-err><![CDATA[WARNING: A Java agent has been loaded dynamically (/Users/owenchambers/.m2/repository/net/bytebuddy/byte-buddy-agent/1.14.19/byte-buddy-agent-1.14.19.jar)
WARNING: If a serviceability tool is in use, please run with -XX:+EnableDynamicAgentLoading to hide this warning
WARNING: If a serviceability tool is not in use, please run with -Djdk.instrument.traceUsage for more information
WARNING: Dynamic loading of agents will be disallowed by default in a future release
]]></system-err>
  </testcase>
  <testcase name="testGetUserById" classname="com.owenc.bank_api.BankApiApplicationTests" time="0.012"/>
  <testcase name="testTransferFunds" classname="com.owenc.bank_api.BankApiApplicationTests" time="0.006"/>
  <testcase name="testGetAllUsers" classname="com.owenc.bank_api.BankApiApplicationTests" time="0.007"/>
  <testcase name="testGetHistory" classname="com.owenc.bank_api.BankApiApplicationTests" time="0.003"/>
</testsuite>